{"uid":"6f62f85b455da5b8","name":"checkItemColorInBagTest()","fullName":"ui.pages.ShoppingBagPageTests.checkItemColorInBagTest","historyId":"afb8c61f307c627b76c6a14ca37543da","time":{"start":1754115440126,"stop":1754115541200,"duration":101074},"description":"","status":"broken","statusMessage":"Size selector not found on the page","statusTrace":"org.openqa.selenium.NoSuchElementException: Size selector not found on the page\n\tat Danilova.PageObjects.FastShopPage.getAllSizes(FastShopPage.java:141)\n\tat Danilova.PageObjects.FastShopPage.clickRandomSizeResult(FastShopPage.java:185)\n\tat ui.pages.ShoppingBagPageTests.checkItemColorInBagTest(ShoppingBagPageTests.java:41)\n\tat java.base/java.lang.reflect.Method.invoke(Method.java:577)\n\tat java.base/java.util.ArrayList.forEach(ArrayList.java:1511)\n\tat java.base/java.util.ArrayList.forEach(ArrayList.java:1511)\nCaused by: org.openqa.selenium.TimeoutException: Expected condition failed: waiting for Danilova.PageObjects.FastShopPage$$Lambda$1048/0x0000000800fa5d80@798df66 (tried for 15 second(s) with 500 milliseconds interval)\nBuild info: version: '4.34.0', revision: '707dcb4246*'\nSystem info: os.name: 'Linux', os.arch: 'amd64', os.version: '6.11.0-1018-azure', java.version: '18.0.2.1'\nDriver info: org.openqa.selenium.remote.RemoteWebDriver\nCapabilities {acceptInsecureCerts: false, browserName: chrome, browserVersion: 138.0.7204.157, chrome: {chromedriverVersion: 138.0.7204.157 (e533e98b126..., userDataDir: /tmp/chrome_1e1c7211-2b2f-4...}, fedcm:accounts: true, goog:chromeOptions: {debuggerAddress: localhost:40991}, goog:loggingPrefs: {browser: ALL}, networkConnectionEnabled: false, pageLoadStrategy: normal, platformName: linux, proxy: Proxy(), se:bidiEnabled: false, se:cdp: ws://172.18.0.2:4444/sessio..., se:cdpVersion: 138.0.7204.157, se:containerName: 2a68428e2b2d, se:deleteSessionOnUi: true, se:downloadsEnabled: true, se:noVncPort: 7900, se:vnc: ws://172.18.0.2:4444/sessio..., se:vncEnabled: true, se:vncLocalAddress: ws://172.18.0.2:7900, setWindowRect: true, strictFileInteractability: false, timeouts: {implicit: 0, pageLoad: 300000, script: 30000}, unhandledPromptBehavior: dismiss and notify, webauthn:extension:credBlob: true, webauthn:extension:largeBlob: true, webauthn:extension:minPinLength: true, webauthn:extension:prf: true, webauthn:virtualAuthenticators: true}\nSession ID: aac314d11791696fa43c058e1c2903b6\n\tat org.openqa.selenium.support.ui.WebDriverWait.timeoutException(WebDriverWait.java:84)\n\tat org.openqa.selenium.support.ui.FluentWait.until(FluentWait.java:228)\n\tat Danilova.PageObjects.FastShopPage.getAllSizes(FastShopPage.java:129)\n\t... 5 more\n","flaky":true,"newFailed":false,"newBroken":true,"newPassed":false,"retriesCount":0,"retriesStatusChange":false,"beforeStages":[{"name":"setup","time":{"start":1754115440127,"stop":1754115454813,"duration":14686},"status":"passed","steps":[{"name":"Open AMERICAN EAGLE by URL","time":{"start":1754115451605,"stop":1754115454640,"duration":3035},"status":"passed","steps":[],"attachments":[],"parameters":[],"shouldDisplayMessage":false,"stepsCount":0,"attachmentsCount":0,"hasContent":false,"attachmentStep":false}],"attachments":[{"uid":"a3263b4ec1c9097d","name":"Remote URL","source":"a3263b4ec1c9097d.UTF-8","type":"text/plain","size":28},{"uid":"9141eeabe4072816","name":"Actual window size","source":"9141eeabe4072816.UTF-8","type":"text/plain","size":12},{"uid":"b0b808377a67bf40","name":"Window position","source":"b0b808377a67bf40.UTF-8","type":"text/plain","size":6}],"parameters":[],"shouldDisplayMessage":false,"stepsCount":1,"attachmentsCount":3,"hasContent":true,"attachmentStep":false}],"testStage":{"description":"","status":"broken","statusMessage":"Size selector not found on the page","statusTrace":"org.openqa.selenium.NoSuchElementException: Size selector not found on the page\n\tat Danilova.PageObjects.FastShopPage.getAllSizes(FastShopPage.java:141)\n\tat Danilova.PageObjects.FastShopPage.clickRandomSizeResult(FastShopPage.java:185)\n\tat ui.pages.ShoppingBagPageTests.checkItemColorInBagTest(ShoppingBagPageTests.java:41)\n\tat java.base/java.lang.reflect.Method.invoke(Method.java:577)\n\tat java.base/java.util.ArrayList.forEach(ArrayList.java:1511)\n\tat java.base/java.util.ArrayList.forEach(ArrayList.java:1511)\nCaused by: org.openqa.selenium.TimeoutException: Expected condition failed: waiting for Danilova.PageObjects.FastShopPage$$Lambda$1048/0x0000000800fa5d80@798df66 (tried for 15 second(s) with 500 milliseconds interval)\nBuild info: version: '4.34.0', revision: '707dcb4246*'\nSystem info: os.name: 'Linux', os.arch: 'amd64', os.version: '6.11.0-1018-azure', java.version: '18.0.2.1'\nDriver info: org.openqa.selenium.remote.RemoteWebDriver\nCapabilities {acceptInsecureCerts: false, browserName: chrome, browserVersion: 138.0.7204.157, chrome: {chromedriverVersion: 138.0.7204.157 (e533e98b126..., userDataDir: /tmp/chrome_1e1c7211-2b2f-4...}, fedcm:accounts: true, goog:chromeOptions: {debuggerAddress: localhost:40991}, goog:loggingPrefs: {browser: ALL}, networkConnectionEnabled: false, pageLoadStrategy: normal, platformName: linux, proxy: Proxy(), se:bidiEnabled: false, se:cdp: ws://172.18.0.2:4444/sessio..., se:cdpVersion: 138.0.7204.157, se:containerName: 2a68428e2b2d, se:deleteSessionOnUi: true, se:downloadsEnabled: true, se:noVncPort: 7900, se:vnc: ws://172.18.0.2:4444/sessio..., se:vncEnabled: true, se:vncLocalAddress: ws://172.18.0.2:7900, setWindowRect: true, strictFileInteractability: false, timeouts: {implicit: 0, pageLoad: 300000, script: 30000}, unhandledPromptBehavior: dismiss and notify, webauthn:extension:credBlob: true, webauthn:extension:largeBlob: true, webauthn:extension:minPinLength: true, webauthn:extension:prf: true, webauthn:virtualAuthenticators: true}\nSession ID: aac314d11791696fa43c058e1c2903b6\n\tat org.openqa.selenium.support.ui.WebDriverWait.timeoutException(WebDriverWait.java:84)\n\tat org.openqa.selenium.support.ui.FluentWait.until(FluentWait.java:228)\n\tat Danilova.PageObjects.FastShopPage.getAllSizes(FastShopPage.java:129)\n\t... 5 more\n","steps":[{"name":"Does todayBox present?","time":{"start":1754115454813,"stop":1754115456840,"duration":2027},"status":"passed","steps":[],"attachments":[],"parameters":[],"shouldDisplayMessage":false,"stepsCount":0,"attachmentsCount":0,"hasContent":false,"attachmentStep":false},{"name":"Does signUp box present?","time":{"start":1754115456840,"stop":1754115456869,"duration":29},"status":"passed","steps":[],"attachments":[],"parameters":[],"shouldDisplayMessage":false,"stepsCount":0,"attachmentsCount":0,"hasContent":false,"attachmentStep":false},{"name":"Close signUpBox box","time":{"start":1754115456869,"stop":1754115458993,"duration":2124},"status":"passed","steps":[],"attachments":[],"parameters":[],"shouldDisplayMessage":false,"stepsCount":0,"attachmentsCount":0,"hasContent":false,"attachmentStep":false},{"name":"Does shipping box present?","time":{"start":1754115458993,"stop":1754115461049,"duration":2056},"status":"passed","steps":[],"attachments":[],"parameters":[],"shouldDisplayMessage":false,"stepsCount":0,"attachmentsCount":0,"hasContent":false,"attachmentStep":false},{"name":"Does Dialog box present?","time":{"start":1754115461049,"stop":1754115463105,"duration":2056},"status":"passed","steps":[],"attachments":[],"parameters":[],"shouldDisplayMessage":false,"stepsCount":0,"attachmentsCount":0,"hasContent":false,"attachmentStep":false},{"name":"Does bonus offer box present?","time":{"start":1754115463105,"stop":1754115465149,"duration":2044},"status":"passed","steps":[],"attachments":[],"parameters":[],"shouldDisplayMessage":false,"stepsCount":0,"attachmentsCount":0,"hasContent":false,"attachmentStep":false},{"name":"Does reward box present?","time":{"start":1754115465149,"stop":1754115467190,"duration":2041},"status":"passed","steps":[],"attachments":[],"parameters":[],"shouldDisplayMessage":false,"stepsCount":0,"attachmentsCount":0,"hasContent":false,"attachmentStep":false},{"name":"Does special prom box present?","time":{"start":1754115467190,"stop":1754115469240,"duration":2050},"status":"passed","steps":[],"attachments":[],"parameters":[],"shouldDisplayMessage":false,"stepsCount":0,"attachmentsCount":0,"hasContent":false,"attachmentStep":false},{"name":"Open fast women menu","time":{"start":1754115469240,"stop":1754115469839,"duration":599},"status":"passed","steps":[],"attachments":[],"parameters":[],"shouldDisplayMessage":false,"stepsCount":0,"attachmentsCount":0,"hasContent":false,"attachmentStep":false},{"name":"Does todayBox present?","time":{"start":1754115469839,"stop":1754115471860,"duration":2021},"status":"passed","steps":[],"attachments":[],"parameters":[],"shouldDisplayMessage":false,"stepsCount":0,"attachmentsCount":0,"hasContent":false,"attachmentStep":false},{"name":"Does signUp box present?","time":{"start":1754115471860,"stop":1754115473902,"duration":2042},"status":"passed","steps":[],"attachments":[],"parameters":[],"shouldDisplayMessage":false,"stepsCount":0,"attachmentsCount":0,"hasContent":false,"attachmentStep":false},{"name":"Does shipping box present?","time":{"start":1754115473902,"stop":1754115475922,"duration":2020},"status":"passed","steps":[],"attachments":[],"parameters":[],"shouldDisplayMessage":false,"stepsCount":0,"attachmentsCount":0,"hasContent":false,"attachmentStep":false},{"name":"Does Dialog box present?","time":{"start":1754115475922,"stop":1754115477940,"duration":2018},"status":"passed","steps":[],"attachments":[],"parameters":[],"shouldDisplayMessage":false,"stepsCount":0,"attachmentsCount":0,"hasContent":false,"attachmentStep":false},{"name":"Does bonus offer box present?","time":{"start":1754115477940,"stop":1754115479991,"duration":2051},"status":"passed","steps":[],"attachments":[],"parameters":[],"shouldDisplayMessage":false,"stepsCount":0,"attachmentsCount":0,"hasContent":false,"attachmentStep":false},{"name":"Does reward box present?","time":{"start":1754115479991,"stop":1754115482035,"duration":2044},"status":"passed","steps":[],"attachments":[],"parameters":[],"shouldDisplayMessage":false,"stepsCount":0,"attachmentsCount":0,"hasContent":false,"attachmentStep":false},{"name":"Does special prom box present?","time":{"start":1754115482035,"stop":1754115484072,"duration":2037},"status":"passed","steps":[],"attachments":[],"parameters":[],"shouldDisplayMessage":false,"stepsCount":0,"attachmentsCount":0,"hasContent":false,"attachmentStep":false},{"name":"Getting of all New Arrivals List","time":{"start":1754115484072,"stop":1754115484264,"duration":192},"status":"passed","steps":[],"attachments":[],"parameters":[],"shouldDisplayMessage":false,"stepsCount":0,"attachmentsCount":0,"hasContent":false,"attachmentStep":false},{"name":"Does todayBox present?","time":{"start":1754115484264,"stop":1754115488295,"duration":4031},"status":"passed","steps":[],"attachments":[],"parameters":[],"shouldDisplayMessage":false,"stepsCount":0,"attachmentsCount":0,"hasContent":false,"attachmentStep":false},{"name":"Does signUp box present?","time":{"start":1754115488295,"stop":1754115492346,"duration":4051},"status":"passed","steps":[],"attachments":[],"parameters":[],"shouldDisplayMessage":false,"stepsCount":0,"attachmentsCount":0,"hasContent":false,"attachmentStep":false},{"name":"Does shipping box present?","time":{"start":1754115492346,"stop":1754115496379,"duration":4033},"status":"passed","steps":[],"attachments":[],"parameters":[],"shouldDisplayMessage":false,"stepsCount":0,"attachmentsCount":0,"hasContent":false,"attachmentStep":false},{"name":"Does Dialog box present?","time":{"start":1754115496379,"stop":1754115500405,"duration":4026},"status":"passed","steps":[],"attachments":[],"parameters":[],"shouldDisplayMessage":false,"stepsCount":0,"attachmentsCount":0,"hasContent":false,"attachmentStep":false},{"name":"Does bonus offer box present?","time":{"start":1754115500405,"stop":1754115504448,"duration":4043},"status":"passed","steps":[],"attachments":[],"parameters":[],"shouldDisplayMessage":false,"stepsCount":0,"attachmentsCount":0,"hasContent":false,"attachmentStep":false},{"name":"Does reward box present?","time":{"start":1754115504448,"stop":1754115508467,"duration":4019},"status":"passed","steps":[],"attachments":[],"parameters":[],"shouldDisplayMessage":false,"stepsCount":0,"attachmentsCount":0,"hasContent":false,"attachmentStep":false},{"name":"Does special prom box present?","time":{"start":1754115508468,"stop":1754115512532,"duration":4064},"status":"passed","steps":[],"attachments":[],"parameters":[],"shouldDisplayMessage":false,"stepsCount":0,"attachmentsCount":0,"hasContent":false,"attachmentStep":false},{"name":"Add to bag one random result from New Arrivals","time":{"start":1754115512532,"stop":1754115521586,"duration":9054},"status":"passed","steps":[],"attachments":[],"parameters":[{"name":"tiles","value":"[[[RemoteWebDriver: chrome on linux (aac314d11791696fa43c058e1c2903b6)] -> xpath: //div[starts-with(@class,'product-tile _container_') and not(.//*[normalize-space() = 'Coming Soon']) and not(.//*[normalize-space() = 'Sold Out'])]], [[RemoteWebDriver: chrome on linux (aac314d11791696fa43c058e1c2903b6)] -> xpath: //div[starts-with(@class,'product-tile _container_') and not(.//*[normalize-space() = 'Coming Soon']) and not(.//*[normalize-space() = 'Sold Out'])]], [[RemoteWebDriver: chrome on linux (aac314d11791696fa43c058e1c2903b6)] -> xpath: //div[starts-with(@class,'product-tile _container_') and not(.//*[normalize-space() = 'Coming Soon']) and not(.//*[normalize-space() = 'Sold Out'])]], [[RemoteWebDriver: chrome on linux (aac314d11791696fa43c058e1c2903b6)] -> xpath: //div[starts-with(@class,'product-tile _container_') and not(.//*[normalize-space() = 'Coming Soon']) and not(.//*[normalize-space() = 'Sold Out'])]], [[RemoteWebDriver: chrome on linux (aac314d11791696fa43c058e1c2903b6)] -> xpath: //div[starts-with(@class,'product-tile _container_') and not(.//*[normalize-space() = 'Coming Soon']) and not(.//*[normalize-space() = 'Sold Out'])]], [[RemoteWebDriver: chrome on linux (aac314d11791696fa43c058e1c2903b6)] -> xpath: //div[starts-with(@class,'product-tile _container_') and not(.//*[normalize-space() = 'Coming Soon']) and not(.//*[normalize-space() = 'Sold Out'])]], [[RemoteWebDriver: chrome on linux (aac314d11791696fa43c058e1c2903b6)] -> xpath: //div[starts-with(@class,'product-tile _container_') and not(.//*[normalize-space() = 'Coming Soon']) and not(.//*[normalize-space() = 'Sold Out'])]], [[RemoteWebDriver: chrome on linux (aac314d11791696fa43c058e1c2903b6)] -> xpath: //div[starts-with(@class,'product-tile _container_') and not(.//*[normalize-space() = 'Coming Soon']) and not(.//*[normalize-space() = 'Sold Out'])]], [[RemoteWebDriver: chrome on linux (aac314d11791696fa43c058e1c2903b6)] -> xpath: //div[starts-with(@class,'product-tile _container_') and not(.//*[normalize-space() = 'Coming Soon']) and not(.//*[normalize-space() = 'Sold Out'])]], [[RemoteWebDriver: chrome on linux (aac314d11791696fa43c058e1c2903b6)] -> xpath: //div[starts-with(@class,'product-tile _container_') and not(.//*[normalize-space() = 'Coming Soon']) and not(.//*[normalize-space() = 'Sold Out'])]], [[RemoteWebDriver: chrome on linux (aac314d11791696fa43c058e1c2903b6)] -> xpath: //div[starts-with(@class,'product-tile _container_') and not(.//*[normalize-space() = 'Coming Soon']) and not(.//*[normalize-space() = 'Sold Out'])]], [[RemoteWebDriver: chrome on linux (aac314d11791696fa43c058e1c2903b6)] -> xpath: //div[starts-with(@class,'product-tile _container_') and not(.//*[normalize-space() = 'Coming Soon']) and not(.//*[normalize-space() = 'Sold Out'])]], [[RemoteWebDriver: chrome on linux (aac314d11791696fa43c058e1c2903b6)] -> xpath: //div[starts-with(@class,'product-tile _container_') and not(.//*[normalize-space() = 'Coming Soon']) and not(.//*[normalize-space() = 'Sold Out'])]], [[RemoteWebDriver: chrome on linux (aac314d11791696fa43c058e1c2903b6)] -> xpath: //div[starts-with(@class,'product-tile _container_') and not(.//*[normalize-space() = 'Coming Soon']) and not(.//*[normalize-space() = 'Sold Out'])]], [[RemoteWebDriver: chrome on linux (aac314d11791696fa43c058e1c2903b6)] -> xpath: //div[starts-with(@class,'product-tile _container_') and not(.//*[normalize-space() = 'Coming Soon']) and not(.//*[normalize-space() = 'Sold Out'])]], [[RemoteWebDriver: chrome on linux (aac314d11791696fa43c058e1c2903b6)] -> xpath: //div[starts-with(@class,'product-tile _container_') and not(.//*[normalize-space() = 'Coming Soon']) and not(.//*[normalize-space() = 'Sold Out'])]], [[RemoteWebDriver: chrome on linux (aac314d11791696fa43c058e1c2903b6)] -> xpath: //div[starts-with(@class,'product-tile _container_') and not(.//*[normalize-space() = 'Coming Soon']) and not(.//*[normalize-space() = 'Sold Out'])]], [[RemoteWebDriver: chrome on linux (aac314d11791696fa43c058e1c2903b6)] -> xpath: //div[starts-with(@class,'product-tile _container_') and not(.//*[normalize-space() = 'Coming Soon']) and not(.//*[normalize-space() = 'Sold Out'])]], [[RemoteWebDriver: chrome on linux (aac314d11791696fa43c058e1c2903b6)] -> xpath: //div[starts-with(@class,'product-tile _container_') and not(.//*[normalize-space() = 'Coming Soon']) and not(.//*[normalize-space() = 'Sold Out'])]], [[RemoteWebDriver: chrome on linux (aac314d11791696fa43c058e1c2903b6)] -> xpath: //div[starts-with(@class,'product-tile _container_') and not(.//*[normalize-space() = 'Coming Soon']) and not(.//*[normalize-space() = 'Sold Out'])]], [[RemoteWebDriver: chrome on linux (aac314d11791696fa43c058e1c2903b6)] -> xpath: //div[starts-with(@class,'product-tile _container_') and not(.//*[normalize-space() = 'Coming Soon']) and not(.//*[normalize-space() = 'Sold Out'])]], [[RemoteWebDriver: chrome on linux (aac314d11791696fa43c058e1c2903b6)] -> xpath: //div[starts-with(@class,'product-tile _container_') and not(.//*[normalize-space() = 'Coming Soon']) and not(.//*[normalize-space() = 'Sold Out'])]]]"}],"shouldDisplayMessage":false,"stepsCount":0,"attachmentsCount":0,"hasContent":true,"attachmentStep":false},{"name":"Click random color","time":{"start":1754115521586,"stop":1754115523020,"duration":1434},"status":"passed","steps":[{"name":"Return list of available colors","time":{"start":1754115521586,"stop":1754115521619,"duration":33},"status":"passed","steps":[],"attachments":[],"parameters":[],"shouldDisplayMessage":false,"stepsCount":0,"attachmentsCount":0,"hasContent":false,"attachmentStep":false}],"attachments":[],"parameters":[],"shouldDisplayMessage":false,"stepsCount":1,"attachmentsCount":0,"hasContent":true,"attachmentStep":false},{"name":"Return list of available sizes","time":{"start":1754115523020,"stop":1754115523496,"duration":476},"status":"passed","steps":[],"attachments":[],"parameters":[],"shouldDisplayMessage":false,"stepsCount":0,"attachmentsCount":0,"hasContent":false,"attachmentStep":false},{"name":"Click random size","time":{"start":1754115523496,"stop":1754115540787,"duration":17291},"status":"broken","statusMessage":"Size selector not found on the page","statusTrace":"org.openqa.selenium.NoSuchElementException: Size selector not found on the page\n\tat Danilova.PageObjects.FastShopPage.getAllSizes(FastShopPage.java:141)\n\tat Danilova.PageObjects.FastShopPage.clickRandomSizeResult(FastShopPage.java:185)\n\tat ui.pages.ShoppingBagPageTests.checkItemColorInBagTest(ShoppingBagPageTests.java:41)\n\tat java.base/jdk.internal.reflect.DirectMethodHandleAccessor.invoke(DirectMethodHandleAccessor.java:104)\n\tat java.base/java.lang.reflect.Method.invoke(Method.java:577)\n\tat org.junit.platform.commons.util.ReflectionUtils.invokeMethod(ReflectionUtils.java:728)\n\tat org.junit.jupiter.engine.execution.MethodInvocation.proceed(MethodInvocation.java:60)\n\tat org.junit.jupiter.engine.execution.InvocationInterceptorChain$ValidatingInvocation.proceed(InvocationInterceptorChain.java:131)\n\tat org.junit.jupiter.api.extension.InvocationInterceptor.interceptTestMethod(InvocationInterceptor.java:119)\n\tat org.junit.jupiter.engine.execution.InterceptingExecutableInvoker$ReflectiveInterceptorCall.lambda$ofVoidMethod$0(InterceptingExecutableInvoker.java:103)\n\tat org.junit.jupiter.engine.execution.InterceptingExecutableInvoker.lambda$invoke$0(InterceptingExecutableInvoker.java:93)\n\tat org.junit.jupiter.engine.execution.InvocationInterceptorChain$InterceptedInvocation.proceed(InvocationInterceptorChain.java:106)\n\tat org.junit.jupiter.engine.extension.TimeoutExtension.intercept(TimeoutExtension.java:156)\n\tat org.junit.jupiter.engine.extension.TimeoutExtension.interceptTestableMethod(TimeoutExtension.java:147)\n\tat org.junit.jupiter.engine.extension.TimeoutExtension.interceptTestMethod(TimeoutExtension.java:86)\n\tat org.junit.jupiter.engine.execution.InterceptingExecutableInvoker$ReflectiveInterceptorCall.lambda$ofVoidMethod$0(InterceptingExecutableInvoker.java:103)\n\tat org.junit.jupiter.engine.execution.InterceptingExecutableInvoker.lambda$invoke$0(InterceptingExecutableInvoker.java:93)\n\tat org.junit.jupiter.engine.execution.InvocationInterceptorChain$InterceptedInvocation.proceed(InvocationInterceptorChain.java:106)\n\tat org.junit.jupiter.engine.execution.InvocationInterceptorChain.proceed(InvocationInterceptorChain.java:64)\n\tat org.junit.jupiter.engine.execution.InvocationInterceptorChain.chainAndInvoke(InvocationInterceptorChain.java:45)\n\tat org.junit.jupiter.engine.execution.InvocationInterceptorChain.invoke(InvocationInterceptorChain.java:37)\n\tat org.junit.jupiter.engine.execution.InterceptingExecutableInvoker.invoke(InterceptingExecutableInvoker.java:92)\n\tat org.junit.jupiter.engine.execution.InterceptingExecutableInvoker.invoke(InterceptingExecutableInvoker.java:86)\n\tat org.junit.jupiter.engine.descriptor.TestMethodTestDescriptor.lambda$invokeTestMethod$7(TestMethodTestDescriptor.java:218)\n\tat org.junit.platform.engine.support.hierarchical.ThrowableCollector.execute(ThrowableCollector.java:73)\n\tat org.junit.jupiter.engine.descriptor.TestMethodTestDescriptor.invokeTestMethod(TestMethodTestDescriptor.java:214)\n\tat org.junit.jupiter.engine.descriptor.TestMethodTestDescriptor.execute(TestMethodTestDescriptor.java:139)\n\tat org.junit.jupiter.engine.descriptor.TestMethodTestDescriptor.execute(TestMethodTestDescriptor.java:69)\n\tat org.junit.platform.engine.support.hierarchical.NodeTestTask.lambda$executeRecursively$6(NodeTestTask.java:151)\n\tat org.junit.platform.engine.support.hierarchical.ThrowableCollector.execute(ThrowableCollector.java:73)\n\tat org.junit.platform.engine.support.hierarchical.NodeTestTask.lambda$executeRecursively$8(NodeTestTask.java:141)\n\tat org.junit.platform.engine.support.hierarchical.Node.around(Node.java:137)\n\tat org.junit.platform.engine.support.hierarchical.NodeTestTask.lambda$executeRecursively$9(NodeTestTask.java:139)\n\tat org.junit.platform.engine.support.hierarchical.ThrowableCollector.execute(ThrowableCollector.java:73)\n\tat org.junit.platform.engine.support.hierarchical.NodeTestTask.executeRecursively(NodeTestTask.java:138)\n\tat org.junit.platform.engine.support.hierarchical.NodeTestTask.execute(NodeTestTask.java:95)\n\tat java.base/java.util.ArrayList.forEach(ArrayList.java:1511)\n\tat org.junit.platform.engine.support.hierarchical.SameThreadHierarchicalTestExecutorService.invokeAll(SameThreadHierarchicalTestExecutorService.java:41)\n\tat org.junit.platform.engine.support.hierarchical.NodeTestTask.lambda$executeRecursively$6(NodeTestTask.java:155)\n\tat org.junit.platform.engine.support.hierarchical.ThrowableCollector.execute(ThrowableCollector.java:73)\n\tat org.junit.platform.engine.support.hierarchical.NodeTestTask.lambda$executeRecursively$8(NodeTestTask.java:141)\n\tat org.junit.platform.engine.support.hierarchical.Node.around(Node.java:137)\n\tat org.junit.platform.engine.support.hierarchical.NodeTestTask.lambda$executeRecursively$9(NodeTestTask.java:139)\n\tat org.junit.platform.engine.support.hierarchical.ThrowableCollector.execute(ThrowableCollector.java:73)\n\tat org.junit.platform.engine.support.hierarchical.NodeTestTask.executeRecursively(NodeTestTask.java:138)\n\tat org.junit.platform.engine.support.hierarchical.NodeTestTask.execute(NodeTestTask.java:95)\n\tat java.base/java.util.ArrayList.forEach(ArrayList.java:1511)\n\tat org.junit.platform.engine.support.hierarchical.SameThreadHierarchicalTestExecutorService.invokeAll(SameThreadHierarchicalTestExecutorService.java:41)\n\tat org.junit.platform.engine.support.hierarchical.NodeTestTask.lambda$executeRecursively$6(NodeTestTask.java:155)\n\tat org.junit.platform.engine.support.hierarchical.ThrowableCollector.execute(ThrowableCollector.java:73)\n\tat org.junit.platform.engine.support.hierarchical.NodeTestTask.lambda$executeRecursively$8(NodeTestTask.java:141)\n\tat org.junit.platform.engine.support.hierarchical.Node.around(Node.java:137)\n\tat org.junit.platform.engine.support.hierarchical.NodeTestTask.lambda$executeRecursively$9(NodeTestTask.java:139)\n\tat org.junit.platform.engine.support.hierarchical.ThrowableCollector.execute(ThrowableCollector.java:73)\n\tat org.junit.platform.engine.support.hierarchical.NodeTestTask.executeRecursively(NodeTestTask.java:138)\n\tat org.junit.platform.engine.support.hierarchical.NodeTestTask.execute(NodeTestTask.java:95)\n\tat org.junit.platform.engine.support.hierarchical.SameThreadHierarchicalTestExecutorService.submit(SameThreadHierarchicalTestExecutorService.java:35)\n\tat org.junit.platform.engine.support.hierarchical.HierarchicalTestExecutor.execute(HierarchicalTestExecutor.java:57)\n\tat org.junit.platform.engine.support.hierarchical.HierarchicalTestEngine.execute(HierarchicalTestEngine.java:54)\n\tat org.junit.platform.launcher.core.EngineExecutionOrchestrator.execute(EngineExecutionOrchestrator.java:198)\n\tat org.junit.platform.launcher.core.EngineExecutionOrchestrator.execute(EngineExecutionOrchestrator.java:169)\n\tat org.junit.platform.launcher.core.EngineExecutionOrchestrator.execute(EngineExecutionOrchestrator.java:93)\n\tat org.junit.platform.launcher.core.EngineExecutionOrchestrator.lambda$execute$0(EngineExecutionOrchestrator.java:58)\n\tat org.junit.platform.launcher.core.EngineExecutionOrchestrator.withInterceptedStreams(EngineExecutionOrchestrator.java:141)\n\tat org.junit.platform.launcher.core.EngineExecutionOrchestrator.execute(EngineExecutionOrchestrator.java:57)\n\tat org.junit.platform.launcher.core.DefaultLauncher.execute(DefaultLauncher.java:103)\n\tat org.junit.platform.launcher.core.DefaultLauncher.execute(DefaultLauncher.java:85)\n\tat org.junit.platform.launcher.core.DelegatingLauncher.execute(DelegatingLauncher.java:47)\n\tat org.gradle.api.internal.tasks.testing.junitplatform.JUnitPlatformTestClassProcessor$CollectAllTestClassesExecutor.processAllTestClasses(JUnitPlatformTestClassProcessor.java:124)\n\tat org.gradle.api.internal.tasks.testing.junitplatform.JUnitPlatformTestClassProcessor$CollectAllTestClassesExecutor.access$000(JUnitPlatformTestClassProcessor.java:99)\n\tat org.gradle.api.internal.tasks.testing.junitplatform.JUnitPlatformTestClassProcessor.stop(JUnitPlatformTestClassProcessor.java:94)\n\tat org.gradle.api.internal.tasks.testing.SuiteTestClassProcessor.stop(SuiteTestClassProcessor.java:63)\n\tat java.base/jdk.internal.reflect.DirectMethodHandleAccessor.invoke(DirectMethodHandleAccessor.java:104)\n\tat java.base/java.lang.reflect.Method.invoke(Method.java:577)\n\tat org.gradle.internal.dispatch.ReflectionDispatch.dispatch(ReflectionDispatch.java:36)\n\tat org.gradle.internal.dispatch.ReflectionDispatch.dispatch(ReflectionDispatch.java:24)\n\tat org.gradle.internal.dispatch.ContextClassLoaderDispatch.dispatch(ContextClassLoaderDispatch.java:33)\n\tat org.gradle.internal.dispatch.ProxyDispatchAdapter$DispatchingInvocationHandler.invoke(ProxyDispatchAdapter.java:92)\n\tat jdk.proxy1/jdk.proxy1.$Proxy4.stop(Unknown Source)\n\tat org.gradle.api.internal.tasks.testing.worker.TestWorker$3.run(TestWorker.java:200)\n\tat org.gradle.api.internal.tasks.testing.worker.TestWorker.executeAndMaintainThreadName(TestWorker.java:132)\n\tat org.gradle.api.internal.tasks.testing.worker.TestWorker.execute(TestWorker.java:103)\n\tat org.gradle.api.internal.tasks.testing.worker.TestWorker.execute(TestWorker.java:63)\n\tat org.gradle.process.internal.worker.child.ActionExecutionWorker.execute(ActionExecutionWorker.java:56)\n\tat org.gradle.process.internal.worker.child.SystemApplicationClassLoaderWorker.call(SystemApplicationClassLoaderWorker.java:121)\n\tat org.gradle.process.internal.worker.child.SystemApplicationClassLoaderWorker.call(SystemApplicationClassLoaderWorker.java:71)\n\tat worker.org.gradle.process.internal.worker.GradleWorkerMain.run(GradleWorkerMain.java:69)\n\tat worker.org.gradle.process.internal.worker.GradleWorkerMain.main(GradleWorkerMain.java:74)\nCaused by: org.openqa.selenium.TimeoutException: Expected condition failed: waiting for Danilova.PageObjects.FastShopPage$$Lambda$1048/0x0000000800fa5d80@798df66 (tried for 15 second(s) with 500 milliseconds interval)\nBuild info: version: '4.34.0', revision: '707dcb4246*'\nSystem info: os.name: 'Linux', os.arch: 'amd64', os.version: '6.11.0-1018-azure', java.version: '18.0.2.1'\nDriver info: org.openqa.selenium.remote.RemoteWebDriver\nCapabilities {acceptInsecureCerts: false, browserName: chrome, browserVersion: 138.0.7204.157, chrome: {chromedriverVersion: 138.0.7204.157 (e533e98b126..., userDataDir: /tmp/chrome_1e1c7211-2b2f-4...}, fedcm:accounts: true, goog:chromeOptions: {debuggerAddress: localhost:40991}, goog:loggingPrefs: {browser: ALL}, networkConnectionEnabled: false, pageLoadStrategy: normal, platformName: linux, proxy: Proxy(), se:bidiEnabled: false, se:cdp: ws://172.18.0.2:4444/sessio..., se:cdpVersion: 138.0.7204.157, se:containerName: 2a68428e2b2d, se:deleteSessionOnUi: true, se:downloadsEnabled: true, se:noVncPort: 7900, se:vnc: ws://172.18.0.2:4444/sessio..., se:vncEnabled: true, se:vncLocalAddress: ws://172.18.0.2:7900, setWindowRect: true, strictFileInteractability: false, timeouts: {implicit: 0, pageLoad: 300000, script: 30000}, unhandledPromptBehavior: dismiss and notify, webauthn:extension:credBlob: true, webauthn:extension:largeBlob: true, webauthn:extension:minPinLength: true, webauthn:extension:prf: true, webauthn:virtualAuthenticators: true}\nSession ID: aac314d11791696fa43c058e1c2903b6\n\tat org.openqa.selenium.support.ui.WebDriverWait.timeoutException(WebDriverWait.java:84)\n\tat org.openqa.selenium.support.ui.FluentWait.until(FluentWait.java:228)\n\tat Danilova.PageObjects.FastShopPage.getAllSizes(FastShopPage.java:129)\n\t... 87 more\n","steps":[{"name":"Getting current url","time":{"start":1754115523496,"stop":1754115523501,"duration":5},"status":"passed","steps":[],"attachments":[],"parameters":[],"shouldDisplayMessage":false,"stepsCount":0,"attachmentsCount":0,"hasContent":false,"attachmentStep":false},{"name":"Return list of available sizes","time":{"start":1754115525415,"stop":1754115540787,"duration":15372},"status":"broken","statusMessage":"Size selector not found on the page","statusTrace":"org.openqa.selenium.NoSuchElementException: Size selector not found on the page\n\tat Danilova.PageObjects.FastShopPage.getAllSizes(FastShopPage.java:141)\n\tat Danilova.PageObjects.FastShopPage.clickRandomSizeResult(FastShopPage.java:185)\n\tat ui.pages.ShoppingBagPageTests.checkItemColorInBagTest(ShoppingBagPageTests.java:41)\n\tat java.base/jdk.internal.reflect.DirectMethodHandleAccessor.invoke(DirectMethodHandleAccessor.java:104)\n\tat java.base/java.lang.reflect.Method.invoke(Method.java:577)\n\tat org.junit.platform.commons.util.ReflectionUtils.invokeMethod(ReflectionUtils.java:728)\n\tat org.junit.jupiter.engine.execution.MethodInvocation.proceed(MethodInvocation.java:60)\n\tat org.junit.jupiter.engine.execution.InvocationInterceptorChain$ValidatingInvocation.proceed(InvocationInterceptorChain.java:131)\n\tat org.junit.jupiter.api.extension.InvocationInterceptor.interceptTestMethod(InvocationInterceptor.java:119)\n\tat org.junit.jupiter.engine.execution.InterceptingExecutableInvoker$ReflectiveInterceptorCall.lambda$ofVoidMethod$0(InterceptingExecutableInvoker.java:103)\n\tat org.junit.jupiter.engine.execution.InterceptingExecutableInvoker.lambda$invoke$0(InterceptingExecutableInvoker.java:93)\n\tat org.junit.jupiter.engine.execution.InvocationInterceptorChain$InterceptedInvocation.proceed(InvocationInterceptorChain.java:106)\n\tat org.junit.jupiter.engine.extension.TimeoutExtension.intercept(TimeoutExtension.java:156)\n\tat org.junit.jupiter.engine.extension.TimeoutExtension.interceptTestableMethod(TimeoutExtension.java:147)\n\tat org.junit.jupiter.engine.extension.TimeoutExtension.interceptTestMethod(TimeoutExtension.java:86)\n\tat org.junit.jupiter.engine.execution.InterceptingExecutableInvoker$ReflectiveInterceptorCall.lambda$ofVoidMethod$0(InterceptingExecutableInvoker.java:103)\n\tat org.junit.jupiter.engine.execution.InterceptingExecutableInvoker.lambda$invoke$0(InterceptingExecutableInvoker.java:93)\n\tat org.junit.jupiter.engine.execution.InvocationInterceptorChain$InterceptedInvocation.proceed(InvocationInterceptorChain.java:106)\n\tat org.junit.jupiter.engine.execution.InvocationInterceptorChain.proceed(InvocationInterceptorChain.java:64)\n\tat org.junit.jupiter.engine.execution.InvocationInterceptorChain.chainAndInvoke(InvocationInterceptorChain.java:45)\n\tat org.junit.jupiter.engine.execution.InvocationInterceptorChain.invoke(InvocationInterceptorChain.java:37)\n\tat org.junit.jupiter.engine.execution.InterceptingExecutableInvoker.invoke(InterceptingExecutableInvoker.java:92)\n\tat org.junit.jupiter.engine.execution.InterceptingExecutableInvoker.invoke(InterceptingExecutableInvoker.java:86)\n\tat org.junit.jupiter.engine.descriptor.TestMethodTestDescriptor.lambda$invokeTestMethod$7(TestMethodTestDescriptor.java:218)\n\tat org.junit.platform.engine.support.hierarchical.ThrowableCollector.execute(ThrowableCollector.java:73)\n\tat org.junit.jupiter.engine.descriptor.TestMethodTestDescriptor.invokeTestMethod(TestMethodTestDescriptor.java:214)\n\tat org.junit.jupiter.engine.descriptor.TestMethodTestDescriptor.execute(TestMethodTestDescriptor.java:139)\n\tat org.junit.jupiter.engine.descriptor.TestMethodTestDescriptor.execute(TestMethodTestDescriptor.java:69)\n\tat org.junit.platform.engine.support.hierarchical.NodeTestTask.lambda$executeRecursively$6(NodeTestTask.java:151)\n\tat org.junit.platform.engine.support.hierarchical.ThrowableCollector.execute(ThrowableCollector.java:73)\n\tat org.junit.platform.engine.support.hierarchical.NodeTestTask.lambda$executeRecursively$8(NodeTestTask.java:141)\n\tat org.junit.platform.engine.support.hierarchical.Node.around(Node.java:137)\n\tat org.junit.platform.engine.support.hierarchical.NodeTestTask.lambda$executeRecursively$9(NodeTestTask.java:139)\n\tat org.junit.platform.engine.support.hierarchical.ThrowableCollector.execute(ThrowableCollector.java:73)\n\tat org.junit.platform.engine.support.hierarchical.NodeTestTask.executeRecursively(NodeTestTask.java:138)\n\tat org.junit.platform.engine.support.hierarchical.NodeTestTask.execute(NodeTestTask.java:95)\n\tat java.base/java.util.ArrayList.forEach(ArrayList.java:1511)\n\tat org.junit.platform.engine.support.hierarchical.SameThreadHierarchicalTestExecutorService.invokeAll(SameThreadHierarchicalTestExecutorService.java:41)\n\tat org.junit.platform.engine.support.hierarchical.NodeTestTask.lambda$executeRecursively$6(NodeTestTask.java:155)\n\tat org.junit.platform.engine.support.hierarchical.ThrowableCollector.execute(ThrowableCollector.java:73)\n\tat org.junit.platform.engine.support.hierarchical.NodeTestTask.lambda$executeRecursively$8(NodeTestTask.java:141)\n\tat org.junit.platform.engine.support.hierarchical.Node.around(Node.java:137)\n\tat org.junit.platform.engine.support.hierarchical.NodeTestTask.lambda$executeRecursively$9(NodeTestTask.java:139)\n\tat org.junit.platform.engine.support.hierarchical.ThrowableCollector.execute(ThrowableCollector.java:73)\n\tat org.junit.platform.engine.support.hierarchical.NodeTestTask.executeRecursively(NodeTestTask.java:138)\n\tat org.junit.platform.engine.support.hierarchical.NodeTestTask.execute(NodeTestTask.java:95)\n\tat java.base/java.util.ArrayList.forEach(ArrayList.java:1511)\n\tat org.junit.platform.engine.support.hierarchical.SameThreadHierarchicalTestExecutorService.invokeAll(SameThreadHierarchicalTestExecutorService.java:41)\n\tat org.junit.platform.engine.support.hierarchical.NodeTestTask.lambda$executeRecursively$6(NodeTestTask.java:155)\n\tat org.junit.platform.engine.support.hierarchical.ThrowableCollector.execute(ThrowableCollector.java:73)\n\tat org.junit.platform.engine.support.hierarchical.NodeTestTask.lambda$executeRecursively$8(NodeTestTask.java:141)\n\tat org.junit.platform.engine.support.hierarchical.Node.around(Node.java:137)\n\tat org.junit.platform.engine.support.hierarchical.NodeTestTask.lambda$executeRecursively$9(NodeTestTask.java:139)\n\tat org.junit.platform.engine.support.hierarchical.ThrowableCollector.execute(ThrowableCollector.java:73)\n\tat org.junit.platform.engine.support.hierarchical.NodeTestTask.executeRecursively(NodeTestTask.java:138)\n\tat org.junit.platform.engine.support.hierarchical.NodeTestTask.execute(NodeTestTask.java:95)\n\tat org.junit.platform.engine.support.hierarchical.SameThreadHierarchicalTestExecutorService.submit(SameThreadHierarchicalTestExecutorService.java:35)\n\tat org.junit.platform.engine.support.hierarchical.HierarchicalTestExecutor.execute(HierarchicalTestExecutor.java:57)\n\tat org.junit.platform.engine.support.hierarchical.HierarchicalTestEngine.execute(HierarchicalTestEngine.java:54)\n\tat org.junit.platform.launcher.core.EngineExecutionOrchestrator.execute(EngineExecutionOrchestrator.java:198)\n\tat org.junit.platform.launcher.core.EngineExecutionOrchestrator.execute(EngineExecutionOrchestrator.java:169)\n\tat org.junit.platform.launcher.core.EngineExecutionOrchestrator.execute(EngineExecutionOrchestrator.java:93)\n\tat org.junit.platform.launcher.core.EngineExecutionOrchestrator.lambda$execute$0(EngineExecutionOrchestrator.java:58)\n\tat org.junit.platform.launcher.core.EngineExecutionOrchestrator.withInterceptedStreams(EngineExecutionOrchestrator.java:141)\n\tat org.junit.platform.launcher.core.EngineExecutionOrchestrator.execute(EngineExecutionOrchestrator.java:57)\n\tat org.junit.platform.launcher.core.DefaultLauncher.execute(DefaultLauncher.java:103)\n\tat org.junit.platform.launcher.core.DefaultLauncher.execute(DefaultLauncher.java:85)\n\tat org.junit.platform.launcher.core.DelegatingLauncher.execute(DelegatingLauncher.java:47)\n\tat org.gradle.api.internal.tasks.testing.junitplatform.JUnitPlatformTestClassProcessor$CollectAllTestClassesExecutor.processAllTestClasses(JUnitPlatformTestClassProcessor.java:124)\n\tat org.gradle.api.internal.tasks.testing.junitplatform.JUnitPlatformTestClassProcessor$CollectAllTestClassesExecutor.access$000(JUnitPlatformTestClassProcessor.java:99)\n\tat org.gradle.api.internal.tasks.testing.junitplatform.JUnitPlatformTestClassProcessor.stop(JUnitPlatformTestClassProcessor.java:94)\n\tat org.gradle.api.internal.tasks.testing.SuiteTestClassProcessor.stop(SuiteTestClassProcessor.java:63)\n\tat java.base/jdk.internal.reflect.DirectMethodHandleAccessor.invoke(DirectMethodHandleAccessor.java:104)\n\tat java.base/java.lang.reflect.Method.invoke(Method.java:577)\n\tat org.gradle.internal.dispatch.ReflectionDispatch.dispatch(ReflectionDispatch.java:36)\n\tat org.gradle.internal.dispatch.ReflectionDispatch.dispatch(ReflectionDispatch.java:24)\n\tat org.gradle.internal.dispatch.ContextClassLoaderDispatch.dispatch(ContextClassLoaderDispatch.java:33)\n\tat org.gradle.internal.dispatch.ProxyDispatchAdapter$DispatchingInvocationHandler.invoke(ProxyDispatchAdapter.java:92)\n\tat jdk.proxy1/jdk.proxy1.$Proxy4.stop(Unknown Source)\n\tat org.gradle.api.internal.tasks.testing.worker.TestWorker$3.run(TestWorker.java:200)\n\tat org.gradle.api.internal.tasks.testing.worker.TestWorker.executeAndMaintainThreadName(TestWorker.java:132)\n\tat org.gradle.api.internal.tasks.testing.worker.TestWorker.execute(TestWorker.java:103)\n\tat org.gradle.api.internal.tasks.testing.worker.TestWorker.execute(TestWorker.java:63)\n\tat org.gradle.process.internal.worker.child.ActionExecutionWorker.execute(ActionExecutionWorker.java:56)\n\tat org.gradle.process.internal.worker.child.SystemApplicationClassLoaderWorker.call(SystemApplicationClassLoaderWorker.java:121)\n\tat org.gradle.process.internal.worker.child.SystemApplicationClassLoaderWorker.call(SystemApplicationClassLoaderWorker.java:71)\n\tat worker.org.gradle.process.internal.worker.GradleWorkerMain.run(GradleWorkerMain.java:69)\n\tat worker.org.gradle.process.internal.worker.GradleWorkerMain.main(GradleWorkerMain.java:74)\nCaused by: org.openqa.selenium.TimeoutException: Expected condition failed: waiting for Danilova.PageObjects.FastShopPage$$Lambda$1048/0x0000000800fa5d80@798df66 (tried for 15 second(s) with 500 milliseconds interval)\nBuild info: version: '4.34.0', revision: '707dcb4246*'\nSystem info: os.name: 'Linux', os.arch: 'amd64', os.version: '6.11.0-1018-azure', java.version: '18.0.2.1'\nDriver info: org.openqa.selenium.remote.RemoteWebDriver\nCapabilities {acceptInsecureCerts: false, browserName: chrome, browserVersion: 138.0.7204.157, chrome: {chromedriverVersion: 138.0.7204.157 (e533e98b126..., userDataDir: /tmp/chrome_1e1c7211-2b2f-4...}, fedcm:accounts: true, goog:chromeOptions: {debuggerAddress: localhost:40991}, goog:loggingPrefs: {browser: ALL}, networkConnectionEnabled: false, pageLoadStrategy: normal, platformName: linux, proxy: Proxy(), se:bidiEnabled: false, se:cdp: ws://172.18.0.2:4444/sessio..., se:cdpVersion: 138.0.7204.157, se:containerName: 2a68428e2b2d, se:deleteSessionOnUi: true, se:downloadsEnabled: true, se:noVncPort: 7900, se:vnc: ws://172.18.0.2:4444/sessio..., se:vncEnabled: true, se:vncLocalAddress: ws://172.18.0.2:7900, setWindowRect: true, strictFileInteractability: false, timeouts: {implicit: 0, pageLoad: 300000, script: 30000}, unhandledPromptBehavior: dismiss and notify, webauthn:extension:credBlob: true, webauthn:extension:largeBlob: true, webauthn:extension:minPinLength: true, webauthn:extension:prf: true, webauthn:virtualAuthenticators: true}\nSession ID: aac314d11791696fa43c058e1c2903b6\n\tat org.openqa.selenium.support.ui.WebDriverWait.timeoutException(WebDriverWait.java:84)\n\tat org.openqa.selenium.support.ui.FluentWait.until(FluentWait.java:228)\n\tat Danilova.PageObjects.FastShopPage.getAllSizes(FastShopPage.java:129)\n\t... 87 more\n","steps":[],"attachments":[],"parameters":[],"shouldDisplayMessage":true,"stepsCount":0,"attachmentsCount":0,"hasContent":true,"attachmentStep":false}],"attachments":[],"parameters":[{"name":"tiles","value":"[[[RemoteWebDriver: chrome on linux (aac314d11791696fa43c058e1c2903b6)] -> xpath: //div[@data-test-select-custom='size']//a[@role='menuitem' and not(.//small) and not(contains(@class,'disabled'))]], [[RemoteWebDriver: chrome on linux (aac314d11791696fa43c058e1c2903b6)] -> xpath: //div[@data-test-select-custom='size']//a[@role='menuitem' and not(.//small) and not(contains(@class,'disabled'))]], [[RemoteWebDriver: chrome on linux (aac314d11791696fa43c058e1c2903b6)] -> xpath: //div[@data-test-select-custom='size']//a[@role='menuitem' and not(.//small) and not(contains(@class,'disabled'))]], [[RemoteWebDriver: chrome on linux (aac314d11791696fa43c058e1c2903b6)] -> xpath: //div[@data-test-select-custom='size']//a[@role='menuitem' and not(.//small) and not(contains(@class,'disabled'))]], [[RemoteWebDriver: chrome on linux (aac314d11791696fa43c058e1c2903b6)] -> xpath: //div[@data-test-select-custom='size']//a[@role='menuitem' and not(.//small) and not(contains(@class,'disabled'))]], [[RemoteWebDriver: chrome on linux (aac314d11791696fa43c058e1c2903b6)] -> xpath: //div[@data-test-select-custom='size']//a[@role='menuitem' and not(.//small) and not(contains(@class,'disabled'))]], [[RemoteWebDriver: chrome on linux (aac314d11791696fa43c058e1c2903b6)] -> xpath: //div[@data-test-select-custom='size']//a[@role='menuitem' and not(.//small) and not(contains(@class,'disabled'))]]]"}],"shouldDisplayMessage":false,"stepsCount":2,"attachmentsCount":0,"hasContent":true,"attachmentStep":false},{"name":"Capture screenshot (spoiler)","time":{"start":1754115540788,"stop":1754115541022,"duration":234},"status":"passed","steps":[],"attachments":[{"uid":"18c67d25d7d6d8be","name":"Screenshot","source":"18c67d25d7d6d8be.png","type":"image/png","size":727854}],"parameters":[],"shouldDisplayMessage":false,"stepsCount":0,"attachmentsCount":1,"hasContent":true,"attachmentStep":false}],"attachments":[],"parameters":[],"shouldDisplayMessage":false,"stepsCount":32,"attachmentsCount":1,"hasContent":true,"attachmentStep":false},"afterStages":[{"name":"tearDown","time":{"start":1754115541022,"stop":1754115541199,"duration":177},"status":"passed","steps":[],"attachments":[{"uid":"eba55ef93996250e","name":"Driver closed","source":"eba55ef93996250e.UTF-8","type":"text/plain","size":26},{"uid":"5870cd7e80eeabcf","name":"Teardown error","source":"5870cd7e80eeabcf.UTF-8","type":"text/plain","size":107}],"parameters":[],"shouldDisplayMessage":false,"stepsCount":0,"attachmentsCount":2,"hasContent":true,"attachmentStep":false}],"labels":[{"name":"tag","value":"critical"},{"name":"junit.platform.uniqueid","value":"[engine:junit-jupiter]/[class:ui.pages.ShoppingBagPageTests]/[method:checkItemColorInBagTest()]"},{"name":"feature","value":"preparing driver"},{"name":"host","value":"pkrvmjbmru5nbw0"},{"name":"thread","value":"3861@pkrvmjbmru5nbw0.Test worker(1)"},{"name":"framework","value":"junit-platform"},{"name":"language","value":"java"},{"name":"package","value":"ui.pages.ShoppingBagPageTests"},{"name":"testClass","value":"ui.pages.ShoppingBagPageTests"},{"name":"testMethod","value":"checkItemColorInBagTest"},{"name":"suite","value":"ui.pages.ShoppingBagPageTests"},{"name":"resultFormat","value":"allure2"}],"parameters":[],"links":[],"hidden":false,"retry":false,"extra":{"severity":"normal","retries":[],"categories":[{"name":"Test defects","matchedStatuses":[],"flaky":false}],"history":{"statistic":{"failed":8,"broken":6,"skipped":0,"passed":1,"unknown":0,"total":15},"items":[{"uid":"314fedf003bddcd3","reportUrl":"https://tumba7788.github.io/AE_Project/79//#testresult/314fedf003bddcd3","status":"passed","time":{"start":1754084155373,"stop":1754084248033,"duration":92660}},{"uid":"452e5ab837019f24","reportUrl":"https://tumba7788.github.io/AE_Project/78//#testresult/452e5ab837019f24","status":"failed","statusDetails":"expected: <1> but was: <2>","time":{"start":1754081854277,"stop":1754081934089,"duration":79812}},{"uid":"fb9bf93a9ce454a1","reportUrl":"https://tumba7788.github.io/AE_Project/76//#testresult/fb9bf93a9ce454a1","status":"failed","statusDetails":"expected: <1> but was: <2>","time":{"start":1754056819609,"stop":1754056932407,"duration":112798}},{"uid":"916cb1fe5a1a8641","reportUrl":"https://tumba7788.github.io/AE_Project/75//#testresult/916cb1fe5a1a8641","status":"failed","statusDetails":"expected: <1> but was: <2>","time":{"start":1754054205615,"stop":1754054289330,"duration":83715}},{"uid":"bdb6c26aad120fbe","reportUrl":"https://tumba7788.github.io/AE_Project/74//#testresult/bdb6c26aad120fbe","status":"broken","statusDetails":"Size selector not found on the page","time":{"start":1754035077669,"stop":1754035164767,"duration":87098}},{"uid":"dbfdb4671e582d35","reportUrl":"https://tumba7788.github.io/AE_Project/73//#testresult/dbfdb4671e582d35","status":"broken","statusDetails":"Size selector not found on the page","time":{"start":1754027424707,"stop":1754027511455,"duration":86748}},{"uid":"3aae246fb011bb6","reportUrl":"https://tumba7788.github.io/AE_Project/72//#testresult/3aae246fb011bb6","status":"failed","statusDetails":"expected: <1> but was: <2>","time":{"start":1753987414597,"stop":1753987493499,"duration":78902}},{"uid":"b15c0b7713d4e07c","reportUrl":"https://tumba7788.github.io/AE_Project/71//#testresult/b15c0b7713d4e07c","status":"failed","statusDetails":"expected: <1> but was: <2>","time":{"start":1753978889415,"stop":1753978962992,"duration":73577}},{"uid":"e0d5073cfb2f9037","reportUrl":"https://tumba7788.github.io/AE_Project/70//#testresult/e0d5073cfb2f9037","status":"failed","statusDetails":"expected: <1> but was: <2>","time":{"start":1753900425032,"stop":1753900501978,"duration":76946}},{"uid":"a71fd443bc02d62f","reportUrl":"https://tumba7788.github.io/AE_Project/69//#testresult/a71fd443bc02d62f","status":"failed","statusDetails":"expected: <1> but was: <4>","time":{"start":1753885145835,"stop":1753885225856,"duration":80021}},{"uid":"f64a1b7602abb4d6","reportUrl":"https://tumba7788.github.io/AE_Project/68//#testresult/f64a1b7602abb4d6","status":"broken","statusDetails":"Size selector not found on the page","time":{"start":1753878279603,"stop":1753878367441,"duration":87838}},{"uid":"67b96aed914ce94","reportUrl":"https://tumba7788.github.io/AE_Project/65//#testresult/67b96aed914ce94","status":"broken","statusDetails":"no such element: Unable to locate element: {\"method\":\"xpath\",\"selector\":\"//button[@data-test-btn='viewBag']\"}\n  (Session info: chrome=138.0.7204.157)\nFor documentation on this error, please visit: https://www.selenium.dev/documentation/webdriver/troubleshooting/errors#no-such-element-exception\nBuild info: version: '4.34.0', revision: '707dcb4246*'\nSystem info: os.name: 'Linux', os.arch: 'amd64', os.version: '6.11.0-1018-azure', java.version: '18.0.2.1'\nDriver info: org.openqa.selenium.remote.RemoteWebDriver\nCommand: [88cbe894f0fd742de0b6b294d1bc17c8, findElement {value=//button[@data-test-btn='viewBag'], using=xpath}]\nCapabilities {acceptInsecureCerts: false, browserName: chrome, browserVersion: 138.0.7204.157, chrome: {chromedriverVersion: 138.0.7204.157 (e533e98b126..., userDataDir: /tmp/chrome_temp}, fedcm:accounts: true, goog:chromeOptions: {debuggerAddress: localhost:41351}, goog:loggingPrefs: {browser: ALL}, networkConnectionEnabled: false, pageLoadStrategy: normal, platformName: linux, proxy: Proxy(), se:bidiEnabled: false, se:cdp: ws://172.18.0.2:4444/sessio..., se:cdpVersion: 138.0.7204.157, se:containerName: 43f87cd41bba, se:deleteSessionOnUi: true, se:downloadsEnabled: true, se:noVncPort: 7900, se:vnc: ws://172.18.0.2:4444/sessio..., se:vncEnabled: true, se:vncLocalAddress: ws://172.18.0.2:7900, setWindowRect: true, strictFileInteractability: false, timeouts: {implicit: 0, pageLoad: 300000, script: 30000}, unhandledPromptBehavior: dismiss and notify, webauthn:extension:credBlob: true, webauthn:extension:largeBlob: true, webauthn:extension:minPinLength: true, webauthn:extension:prf: true, webauthn:virtualAuthenticators: true}\nSession ID: 88cbe894f0fd742de0b6b294d1bc17c8","time":{"start":1753863251246,"stop":1753863344745,"duration":93499}},{"uid":"cb60ac254f2b79d8","reportUrl":"https://tumba7788.github.io/AE_Project/66//#testresult/cb60ac254f2b79d8","status":"failed","statusDetails":"expected: <1> but was: <2>","time":{"start":1753862303926,"stop":1753862387965,"duration":84039}},{"uid":"dd524065e8ec8e78","reportUrl":"https://tumba7788.github.io/AE_Project/64//#testresult/dd524065e8ec8e78","status":"broken","statusDetails":"Failed to click random New Arrival product after retries\nBuild info: version: '4.34.0', revision: '707dcb4246*'\nSystem info: os.name: 'Linux', os.arch: 'amd64', os.version: '6.11.0-1018-azure', java.version: '18.0.2.1'\nDriver info: driver.version: unknown","time":{"start":1753821562253,"stop":1753821634181,"duration":71928}}]},"tags":["critical"]},"source":"6f62f85b455da5b8.json","parameterValues":[]}